<?xml version="1.0" encoding="UTF-8"?>
<!-- Generated by org.testng.reporters.JUnitXMLReporter -->
<testsuite ignored="0" hostname="DESKTOP-HVTM02N" failures="1" tests="2" name="Surefire test" time="8.939" errors="0" timestamp="2024-03-14T22:32:16 IST">
  <testcase classname="io.cucumber.testng.AbstractTestNGCucumberTests" name="runScenario" time="6.939"/>
  <testcase classname="io.cucumber.testng.AbstractTestNGCucumberTests" name="runScenario" time="7.137">
    <failure type="java.lang.AssertionError" message="expected [No data] but found [Beetroot]">
      <![CDATA[java.lang.AssertionError: expected [No data] but found [Beetroot]
at stepDefinitions.OfferPageStepDefinitions.user_verifies_if_product_exists(OfferPageStepDefinitions.java:28)
at ✽.User verifies if product exists(file:///C:/Users/Susmita%20Tripathi/eclipse-workspace/CucumberFramework/src/test/java/features/searchFeature.feature:8)
... Removed 6 stack frames]]>
    </failure>
  </testcase> <!-- runScenario -->
</testsuite> <!-- Surefire test -->
