<?xml version="1.0" encoding="UTF-8"?>
<testsuite xmlns:xsi="http://www.w3.org/2001/XMLSchema-instance" xsi:noNamespaceSchemaLocation="https://maven.apache.org/surefire/maven-surefire-plugin/xsd/surefire-test-report-3.0.xsd" version="3.0" name="TestSuite" time="9.731" tests="2" errors="0" skipped="0" failures="1">
  <properties>
[...]
</properties>
  <testcase name="runScenario[&quot;Search experience for product search in home and offer page&quot;, &quot;Search and place the order for products&quot;](1)" classname="runnerFiles.TestNGRunner" time="6.937">
    <system-out><![CDATA[Product Name from landing page: Tomato
Product Name from landing page: Beetroot
Product Name from offer page: Tomato
Product Name from offer page: No data
]]></system-out>
    <system-err><![CDATA[SLF4J: Failed to load class "org.slf4j.impl.StaticLoggerBinder".
SLF4J: Defaulting to no-operation (NOP) logger implementation
SLF4J: See http://www.slf4j.org/codes.html#StaticLoggerBinder for further details.
]]></system-err>
  </testcase>
  <testcase name="runScenario[&quot;Search experience for product search in home and offer page&quot;, &quot;Search and place the order for products&quot;](2)" classname="runnerFiles.TestNGRunner" time="7.135">
    <failure message="expected [No data] but found [Beetroot]" type="java.lang.AssertionError"><![CDATA[java.lang.AssertionError: expected [No data] but found [Beetroot]
	at org.testng.Assert.fail(Assert.java:111)
	at org.testng.Assert.failNotEquals(Assert.java:1578)
	at org.testng.Assert.assertEqualsImpl(Assert.java:150)
	at org.testng.Assert.assertEquals(Assert.java:132)
	at org.testng.Assert.assertEquals(Assert.java:656)
	at org.testng.Assert.assertEquals(Assert.java:666)
	at stepDefinitions.OfferPageStepDefinitions.user_verifies_if_product_exists(OfferPageStepDefinitions.java:28)
	at ✽.User verifies if product exists(file:///C:/Users/Susmita%20Tripathi/eclipse-workspace/CucumberFramework/src/test/java/features/searchFeature.feature:8)
]]></failure>
  </testcase>
</testsuite>