<?xml version="1.0" encoding="UTF-8"?>
<!-- Generated by org.testng.reporters.JUnitReportReporter -->
<testsuite hostname="DESKTOP-HVTM02N" failures="1" tests="2" name="runnerFiles.TestNGRunner" time="14.076" errors="0" timestamp="2024-03-14T22:32:16 IST" skipped="0">
  <testcase classname="runnerFiles.TestNGRunner" name="runScenario" time="6.939"/>
  <testcase classname="runnerFiles.TestNGRunner" name="runScenario" time="7.137">
    <failure message="expected [No data] but found [Beetroot]" type="java.lang.AssertionError">
      <![CDATA[java.lang.AssertionError: expected [No data] but found [Beetroot]
at org.testng.Assert.fail(Assert.java:111)
at org.testng.Assert.failNotEquals(Assert.java:1578)
at org.testng.Assert.assertEqualsImpl(Assert.java:150)
at org.testng.Assert.assertEquals(Assert.java:132)
at org.testng.Assert.assertEquals(Assert.java:656)
at org.testng.Assert.assertEquals(Assert.java:666)
at stepDefinitions.OfferPageStepDefinitions.user_verifies_if_product_exists(OfferPageStepDefinitions.java:28)
at ✽.User verifies if product exists(file:///C:/Users/Susmita%20Tripathi/eclipse-workspace/CucumberFramework/src/test/java/features/searchFeature.feature:8)
]]>
    </failure>
  </testcase> <!-- runScenario -->
</testsuite> <!-- runnerFiles.TestNGRunner -->
